<?xml version="1.0" encoding="UTF-8"?>
<!-- Generated by org.testng.reporters.JUnitXMLReporter -->
<testsuite ignored="0" hostname="Shashis-MacBook-Air.local" failures="0" tests="5" name="Default test" time="119.472" errors="0" timestamp="2022-10-29T01:44:55 IST">
  <testcase classname="com.orangeHRM.testcases.PIMPageTest" name="verfiyPIMPageTitle" time="3.595"/>
  <testcase classname="com.orangeHRM.testcases.PIMPageTest" name="verifyPIMPageURL" time="4.311"/>
  <testcase classname="com.orangeHRM.testcases.PIMPageTest" name="verifyAddButton" time="5.786"/>
  <testcase classname="com.orangeHRM.testcases.PIMPageTest" name="verifyaddEmployeeLeable" time="5.401"/>
  <testcase classname="com.orangeHRM.testcases.PIMPageTest" name="addEmployee" time="5.205"/>
</testsuite> <!-- Default test -->
